# JRE version: OpenJDK Runtime Environment Temurin-17.0.6+10 (17.0.6+10) (build 17.0.6+10)
# Java VM: OpenJDK 64-Bit Server VM Temurin-17.0.6+10 (17.0.6+10, mixed mode, tiered, compressed oops, compressed class ptrs, parallel gc, windows-amd64)
GC Precious Log:
 CPUs: 12 total, 12 available
 Memory: 16309M
 Large Page Support: Disabled
 NUMA Support: Disabled
 Compressed Oops: Enabled (32-bit)
 Alignments: Space 512K, Generation 512K, Heap 2M
 Heap Min Capacity: 100M
 Heap Initial Capacity: 100M
 Heap Max Capacity: 1G
 Pre-touch: Disabled
 Parallel Workers: 10
Heap:
 PSYoungGen      total 3584K, used 995K [0x00000000eab00000, 0x00000000eb180000, 0x0000000100000000)
  eden space 2560K, 0% used [0x00000000eab00000,0x00000000eab00000,0x00000000ead80000)
  from space 1024K, 97% used [0x00000000eaf80000,0x00000000eb078fd0,0x00000000eb080000)
  to   space 2048K, 0% used [0x00000000ead80000,0x00000000ead80000,0x00000000eaf80000)
 ParOldGen       total 137728K, used 137272K [0x00000000c0000000, 0x00000000c8680000, 0x00000000eab00000)
  object space 137728K, 99% used [0x00000000c0000000,0x00000000c860e078,0x00000000c8680000)
 Metaspace       used 81710K, committed 82880K, reserved 1122304K
  class space    used 8935K, committed 9472K, reserved 1048576K
GC Heap History (20 events):
Event: 5706.444 GC heap after
{Heap after GC invocations=106 (full 6):
 PSYoungGen      total 5632K, used 2929K [0x00000000eab00000, 0x00000000eb780000, 0x0000000100000000)
  eden space 2560K, 0% used [0x00000000eab00000,0x00000000eab00000,0x00000000ead80000)
  from space 3072K, 95% used [0x00000000ead80000,0x00000000eb05c638,0x00000000eb080000)
  to   space 5120K, 0% used [0x00000000eb280000,0x00000000eb280000,0x00000000eb780000)
 ParOldGen       total 137728K, used 134723K [0x00000000c0000000, 0x00000000c8680000, 0x00000000eab00000)
  object space 137728K, 97% used [0x00000000c0000000,0x00000000c8390c50,0x00000000c8680000)
 Metaspace       used 81657K, committed 82816K, reserved 1122304K
  class space    used 8935K, committed 9472K, reserved 1048576K
}
Event: 5707.699 GC heap before
{Heap before GC invocations=107 (full 6):
 PSYoungGen      total 5632K, used 5489K [0x00000000eab00000, 0x00000000eb780000, 0x0000000100000000)
  eden space 2560K, 100% used [0x00000000eab00000,0x00000000ead80000,0x00000000ead80000)
  from space 3072K, 95% used [0x00000000ead80000,0x00000000eb05c638,0x00000000eb080000)
  to   space 5120K, 0% used [0x00000000eb280000,0x00000000eb280000,0x00000000eb780000)
 ParOldGen       total 137728K, used 134723K [0x00000000c0000000, 0x00000000c8680000, 0x00000000eab00000)
  object space 137728K, 97% used [0x00000000c0000000,0x00000000c8390c50,0x00000000c8680000)
 Metaspace       used 81666K, committed 82816K, reserved 1122304K
  class space    used 8935K, committed 9472K, reserved 1048576K
}
Event: 5707.700 GC heap after
{Heap after GC invocations=107 (full 6):
 PSYoungGen      total 5632K, used 2801K [0x00000000eab00000, 0x00000000eb580000, 0x0000000100000000)
  eden space 2560K, 0% used [0x00000000eab00000,0x00000000eab00000,0x00000000ead80000)
  from space 3072K, 91% used [0x00000000eb280000,0x00000000eb53c638,0x00000000eb580000)
  to   space 3584K, 0% used [0x00000000eae80000,0x00000000eae80000,0x00000000eb200000)
 ParOldGen       total 137728K, used 134723K [0x00000000c0000000, 0x00000000c8680000, 0x00000000eab00000)
  object space 137728K, 97% used [0x00000000c0000000,0x00000000c8390c50,0x00000000c8680000)
 Metaspace       used 81666K, committed 82816K, reserved 1122304K
  class space    used 8935K, committed 9472K, reserved 1048576K
}
Event: 5708.712 GC heap before
{Heap before GC invocations=108 (full 6):
 PSYoungGen      total 5632K, used 5361K [0x00000000eab00000, 0x00000000eb580000, 0x0000000100000000)
  eden space 2560K, 100% used [0x00000000eab00000,0x00000000ead80000,0x00000000ead80000)
  from space 3072K, 91% used [0x00000000eb280000,0x00000000eb53c638,0x00000000eb580000)
  to   space 3584K, 0% used [0x00000000eae80000,0x00000000eae80000,0x00000000eb200000)
 ParOldGen       total 137728K, used 134723K [0x00000000c0000000, 0x00000000c8680000, 0x00000000eab00000)
  object space 137728K, 97% used [0x00000000c0000000,0x00000000c8390c50,0x00000000c8680000)
 Metaspace       used 81668K, committed 82816K, reserved 1122304K
  class space    used 8935K, committed 9472K, reserved 1048576K
}
Event: 5708.714 GC heap after
{Heap after GC invocations=108 (full 6):
 PSYoungGen      total 5632K, used 2929K [0x00000000eab00000, 0x00000000eb380000, 0x0000000100000000)
  eden space 2560K, 0% used [0x00000000eab00000,0x00000000eab00000,0x00000000ead80000)
  from space 3072K, 95% used [0x00000000eae80000,0x00000000eb15c638,0x00000000eb180000)
  to   space 2048K, 0% used [0x00000000eb180000,0x00000000eb180000,0x00000000eb380000)
 ParOldGen       total 137728K, used 134723K [0x00000000c0000000, 0x00000000c8680000, 0x00000000eab00000)
  object space 137728K, 97% used [0x00000000c0000000,0x00000000c8390c50,0x00000000c8680000)
 Metaspace       used 81668K, committed 82816K, reserved 1122304K
  class space    used 8935K, committed 9472K, reserved 1048576K
}
Event: 5709.650 GC heap before
{Heap before GC invocations=109 (full 6):
 PSYoungGen      total 5632K, used 5489K [0x00000000eab00000, 0x00000000eb380000, 0x0000000100000000)
  eden space 2560K, 100% used [0x00000000eab00000,0x00000000ead80000,0x00000000ead80000)
  from space 3072K, 95% used [0x00000000eae80000,0x00000000eb15c638,0x00000000eb180000)
  to   space 2048K, 0% used [0x00000000eb180000,0x00000000eb180000,0x00000000eb380000)
 ParOldGen       total 137728K, used 134723K [0x00000000c0000000, 0x00000000c8680000, 0x00000000eab00000)
  object space 137728K, 97% used [0x00000000c0000000,0x00000000c8390c50,0x00000000c8680000)
 Metaspace       used 81670K, committed 82816K, reserved 1122304K
  class space    used 8935K, committed 9472K, reserved 1048576K
}
Event: 5709.652 GC heap after
{Heap after GC invocations=109 (full 6):
 PSYoungGen      total 4608K, used 2016K [0x00000000eab00000, 0x00000000eb380000, 0x0000000100000000)
  eden space 2560K, 0% used [0x00000000eab00000,0x00000000eab00000,0x00000000ead80000)
  from space 2048K, 98% used [0x00000000eb180000,0x00000000eb378208,0x00000000eb380000)
  to   space 3072K, 0% used [0x00000000ead80000,0x00000000ead80000,0x00000000eb080000)
 ParOldGen       total 137728K, used 135436K [0x00000000c0000000, 0x00000000c8680000, 0x00000000eab00000)
  object space 137728K, 98% used [0x00000000c0000000,0x00000000c84432e0,0x00000000c8680000)
 Metaspace       used 81670K, committed 82816K, reserved 1122304K
  class space    used 8935K, committed 9472K, reserved 1048576K
}
Event: 5710.443 GC heap before
{Heap before GC invocations=110 (full 6):
 PSYoungGen      total 4608K, used 4576K [0x00000000eab00000, 0x00000000eb380000, 0x0000000100000000)
  eden space 2560K, 100% used [0x00000000eab00000,0x00000000ead80000,0x00000000ead80000)
  from space 2048K, 98% used [0x00000000eb180000,0x00000000eb378208,0x00000000eb380000)
  to   space 3072K, 0% used [0x00000000ead80000,0x00000000ead80000,0x00000000eb080000)
 ParOldGen       total 137728K, used 135436K [0x00000000c0000000, 0x00000000c8680000, 0x00000000eab00000)
  object space 137728K, 98% used [0x00000000c0000000,0x00000000c84432e0,0x00000000c8680000)
 Metaspace       used 81672K, committed 82816K, reserved 1122304K
  class space    used 8935K, committed 9472K, reserved 1048576K
}
Event: 5710.445 GC heap after
{Heap after GC invocations=110 (full 6):
 PSYoungGen      total 4608K, used 1600K [0x00000000eab00000, 0x00000000eb200000, 0x0000000100000000)
  eden space 2560K, 0% used [0x00000000eab00000,0x00000000eab00000,0x00000000ead80000)
  from space 2048K, 78% used [0x00000000ead80000,0x00000000eaf10208,0x00000000eaf80000)
  to   space 2048K, 0% used [0x00000000eb000000,0x00000000eb000000,0x00000000eb200000)
 ParOldGen       total 137728K, used 135908K [0x00000000c0000000, 0x00000000c8680000, 0x00000000eab00000)
  object space 137728K, 98% used [0x00000000c0000000,0x00000000c84b9390,0x00000000c8680000)
 Metaspace       used 81672K, committed 82816K, reserved 1122304K
  class space    used 8935K, committed 9472K, reserved 1048576K
}
Event: 5715.228 GC heap before
{Heap before GC invocations=111 (full 6):
 PSYoungGen      total 4608K, used 4160K [0x00000000eab00000, 0x00000000eb200000, 0x0000000100000000)
  eden space 2560K, 100% used [0x00000000eab00000,0x00000000ead80000,0x00000000ead80000)
  from space 2048K, 78% used [0x00000000ead80000,0x00000000eaf10208,0x00000000eaf80000)
  to   space 2048K, 0% used [0x00000000eb000000,0x00000000eb000000,0x00000000eb200000)
 ParOldGen       total 137728K, used 135908K [0x00000000c0000000, 0x00000000c8680000, 0x00000000eab00000)
  object space 137728K, 98% used [0x00000000c0000000,0x00000000c84b9390,0x00000000c8680000)
 Metaspace       used 81678K, committed 82816K, reserved 1122304K
  class space    used 8935K, committed 9472K, reserved 1048576K
}
Event: 5715.230 GC heap after
{Heap after GC invocations=111 (full 6):
 PSYoungGen      total 4608K, used 1696K [0x00000000eab00000, 0x00000000eb200000, 0x0000000100000000)
  eden space 2560K, 0% used [0x00000000eab00000,0x00000000eab00000,0x00000000ead80000)
  from space 2048K, 82% used [0x00000000eb000000,0x00000000eb1a8208,0x00000000eb200000)
  to   space 2048K, 0% used [0x00000000ead80000,0x00000000ead80000,0x00000000eaf80000)
 ParOldGen       total 137728K, used 135908K [0x00000000c0000000, 0x00000000c8680000, 0x00000000eab00000)
  object space 137728K, 98% used [0x00000000c0000000,0x00000000c84b9390,0x00000000c8680000)
 Metaspace       used 81678K, committed 82816K, reserved 1122304K
  class space    used 8935K, committed 9472K, reserved 1048576K
}
Event: 5716.565 GC heap before
{Heap before GC invocations=112 (full 6):
 PSYoungGen      total 4608K, used 4252K [0x00000000eab00000, 0x00000000eb200000, 0x0000000100000000)
  eden space 2560K, 99% used [0x00000000eab00000,0x00000000ead7f1d8,0x00000000ead80000)
  from space 2048K, 82% used [0x00000000eb000000,0x00000000eb1a8208,0x00000000eb200000)
  to   space 2048K, 0% used [0x00000000ead80000,0x00000000ead80000,0x00000000eaf80000)
 ParOldGen       total 137728K, used 135908K [0x00000000c0000000, 0x00000000c8680000, 0x00000000eab00000)
  object space 137728K, 98% used [0x00000000c0000000,0x00000000c84b9390,0x00000000c8680000)
 Metaspace       used 81692K, committed 82880K, reserved 1122304K
  class space    used 8935K, committed 9472K, reserved 1048576K
}
Event: 5716.566 GC heap after
{Heap after GC invocations=112 (full 6):
 PSYoungGen      total 4608K, used 1760K [0x00000000eab00000, 0x00000000eb180000, 0x0000000100000000)
  eden space 2560K, 0% used [0x00000000eab00000,0x00000000eab00000,0x00000000ead80000)
  from space 2048K, 85% used [0x00000000ead80000,0x00000000eaf38208,0x00000000eaf80000)
  to   space 2048K, 0% used [0x00000000eaf80000,0x00000000eaf80000,0x00000000eb180000)
 ParOldGen       total 137728K, used 135908K [0x00000000c0000000, 0x00000000c8680000, 0x00000000eab00000)
  object space 137728K, 98% used [0x00000000c0000000,0x00000000c84b9390,0x00000000c8680000)
 Metaspace       used 81692K, committed 82880K, reserved 1122304K
  class space    used 8935K, committed 9472K, reserved 1048576K
}
Event: 5729.253 GC heap before
{Heap before GC invocations=113 (full 6):
 PSYoungGen      total 4608K, used 4320K [0x00000000eab00000, 0x00000000eb180000, 0x0000000100000000)
  eden space 2560K, 100% used [0x00000000eab00000,0x00000000ead80000,0x00000000ead80000)
  from space 2048K, 85% used [0x00000000ead80000,0x00000000eaf38208,0x00000000eaf80000)
  to   space 2048K, 0% used [0x00000000eaf80000,0x00000000eaf80000,0x00000000eb180000)
 ParOldGen       total 137728K, used 135908K [0x00000000c0000000, 0x00000000c8680000, 0x00000000eab00000)
  object space 137728K, 98% used [0x00000000c0000000,0x00000000c84b9390,0x00000000c8680000)
 Metaspace       used 81699K, committed 82880K, reserved 1122304K
  class space    used 8935K, committed 9472K, reserved 1048576K
}
Event: 5729.255 GC heap after
{Heap after GC invocations=113 (full 6):
 PSYoungGen      total 4096K, used 1280K [0x00000000eab00000, 0x00000000eb100000, 0x0000000100000000)
  eden space 2560K, 0% used [0x00000000eab00000,0x00000000eab00000,0x00000000ead80000)
  from space 1536K, 83% used [0x00000000eaf80000,0x00000000eb0c0208,0x00000000eb100000)
  to   space 1536K, 0% used [0x00000000eae00000,0x00000000eae00000,0x00000000eaf80000)
 ParOldGen       total 137728K, used 136316K [0x00000000c0000000, 0x00000000c8680000, 0x00000000eab00000)
  object space 137728K, 98% used [0x00000000c0000000,0x00000000c851f390,0x00000000c8680000)
 Metaspace       used 81699K, committed 82880K, reserved 1122304K
  class space    used 8935K, committed 9472K, reserved 1048576K
}
Event: 5729.872 GC heap before
{Heap before GC invocations=114 (full 6):
 PSYoungGen      total 4096K, used 3840K [0x00000000eab00000, 0x00000000eb100000, 0x0000000100000000)
  eden space 2560K, 100% used [0x00000000eab00000,0x00000000ead80000,0x00000000ead80000)
  from space 1536K, 83% used [0x00000000eaf80000,0x00000000eb0c0208,0x00000000eb100000)
  to   space 1536K, 0% used [0x00000000eae00000,0x00000000eae00000,0x00000000eaf80000)
 ParOldGen       total 137728K, used 136316K [0x00000000c0000000, 0x00000000c8680000, 0x00000000eab00000)
  object space 137728K, 98% used [0x00000000c0000000,0x00000000c851f390,0x00000000c8680000)
 Metaspace       used 81709K, committed 82880K, reserved 1122304K
  class space    used 8935K, committed 9472K, reserved 1048576K
}
Event: 5729.873 GC heap after
{Heap after GC invocations=114 (full 6):
 PSYoungGen      total 4096K, used 1312K [0x00000000eab00000, 0x00000000eb080000, 0x0000000100000000)
  eden space 2560K, 0% used [0x00000000eab00000,0x00000000eab00000,0x00000000ead80000)
  from space 1536K, 85% used [0x00000000eae00000,0x00000000eaf48208,0x00000000eaf80000)
  to   space 1024K, 0% used [0x00000000eaf80000,0x00000000eaf80000,0x00000000eb080000)
 ParOldGen       total 137728K, used 136332K [0x00000000c0000000, 0x00000000c8680000, 0x00000000eab00000)
  object space 137728K, 98% used [0x00000000c0000000,0x00000000c8523390,0x00000000c8680000)
 Metaspace       used 81709K, committed 82880K, reserved 1122304K
  class space    used 8935K, committed 9472K, reserved 1048576K
}
Event: 5730.906 GC heap before
{Heap before GC invocations=115 (full 6):
 PSYoungGen      total 4096K, used 3872K [0x00000000eab00000, 0x00000000eb080000, 0x0000000100000000)
  eden space 2560K, 100% used [0x00000000eab00000,0x00000000ead80000,0x00000000ead80000)
  from space 1536K, 85% used [0x00000000eae00000,0x00000000eaf48208,0x00000000eaf80000)
  to   space 1024K, 0% used [0x00000000eaf80000,0x00000000eaf80000,0x00000000eb080000)
 ParOldGen       total 137728K, used 136332K [0x00000000c0000000, 0x00000000c8680000, 0x00000000eab00000)
  object space 137728K, 98% used [0x00000000c0000000,0x00000000c8523390,0x00000000c8680000)
 Metaspace       used 81710K, committed 82880K, reserved 1122304K
  class space    used 8935K, committed 9472K, reserved 1048576K
}
Event: 5730.908 GC heap after
{Heap after GC invocations=115 (full 6):
 PSYoungGen      total 3584K, used 995K [0x00000000eab00000, 0x00000000eb180000, 0x0000000100000000)
  eden space 2560K, 0% used [0x00000000eab00000,0x00000000eab00000,0x00000000ead80000)
  from space 1024K, 97% used [0x00000000eaf80000,0x00000000eb078fd0,0x00000000eb080000)
  to   space 2048K, 0% used [0x00000000ead80000,0x00000000ead80000,0x00000000eaf80000)
 ParOldGen       total 137728K, used 137272K [0x00000000c0000000, 0x00000000c8680000, 0x00000000eab00000)
  object space 137728K, 99% used [0x00000000c0000000,0x00000000c860e078,0x00000000c8680000)
 Metaspace       used 81710K, committed 82880K, reserved 1122304K
  class space    used 8935K, committed 9472K, reserved 1048576K
}
Event: 5730.908 GC heap before
{Heap before GC invocations=116 (full 7):
 PSYoungGen      total 3584K, used 995K [0x00000000eab00000, 0x00000000eb180000, 0x0000000100000000)
  eden space 2560K, 0% used [0x00000000eab00000,0x00000000eab00000,0x00000000ead80000)
  from space 1024K, 97% used [0x00000000eaf80000,0x00000000eb078fd0,0x00000000eb080000)
  to   space 2048K, 0% used [0x00000000ead80000,0x00000000ead80000,0x00000000eaf80000)
 ParOldGen       total 137728K, used 137272K [0x00000000c0000000, 0x00000000c8680000, 0x00000000eab00000)
  object space 137728K, 99% used [0x00000000c0000000,0x00000000c860e078,0x00000000c8680000)
 Metaspace       used 81710K, committed 82880K, reserved 1122304K
  class space    used 8935K, committed 9472K, reserved 1048576K
}

